2017-04-13 11:14:09.641+0000 WARN  [o.n.i.p.PageCache] The dbms.memory.pagecache.size setting has not been configured. It is recommended that this setting is always explicitly configured, to ensure the system has a balanced configuration. Until then, a computed heuristic value of 2899562496 bytes will be used instead. 
2017-04-13 11:14:09.857+0000 INFO  [o.n.k.i.f.CommunityEditionModule] No locking implementation specified, defaulting to 'community'
2017-04-13 11:14:10.732+0000 INFO  [o.n.k.AvailabilityGuard] Requirement makes database unavailable: Database available
2017-04-13 11:14:10.810+0000 INFO  [o.n.k.i.DiagnosticsManager] --- INITIALIZED diagnostics START ---
2017-04-13 11:14:10.810+0000 INFO  [o.n.k.i.DiagnosticsManager] Neo4j Kernel properties:
2017-04-13 11:14:10.810+0000 INFO  [o.n.k.i.DiagnosticsManager] dbms.connector.http.enabled=true
2017-04-13 11:14:10.810+0000 INFO  [o.n.k.i.DiagnosticsManager] dbms.security.auth_enabled=true
2017-04-13 11:14:10.810+0000 INFO  [o.n.k.i.DiagnosticsManager] dbms.logs.http.enabled=false
2017-04-13 11:14:10.810+0000 INFO  [o.n.k.i.DiagnosticsManager] unsupported.dbms.directories.neo4j_home=C:\Users\Mindaugas\Documents\GMIT 2016-2017\Projects16-17\Graph theory project\GraphTh_Project\Neo4J
2017-04-13 11:14:10.810+0000 INFO  [o.n.k.i.DiagnosticsManager] dbms.directories.import=import
2017-04-13 11:14:10.810+0000 INFO  [o.n.k.i.DiagnosticsManager] unsupported.dbms.edition=community
2017-04-13 11:14:10.810+0000 INFO  [o.n.k.i.DiagnosticsManager] dbms.connector.bolt.enabled=true
2017-04-13 11:14:10.810+0000 INFO  [o.n.k.i.DiagnosticsManager] dbms.connector.https.enabled=true
2017-04-13 11:14:10.810+0000 INFO  [o.n.k.i.DiagnosticsManager] unsupported.dbms.directories.database=C:\Users\Mindaugas\Documents\GMIT 2016-2017\Projects16-17\Graph theory project\GraphTh_Project\Neo4J
2017-04-13 11:14:10.810+0000 INFO  [o.n.k.i.DiagnosticsManager] Diagnostics providers:
2017-04-13 11:14:10.810+0000 INFO  [o.n.k.i.DiagnosticsManager] org.neo4j.kernel.configuration.Config
2017-04-13 11:14:10.810+0000 INFO  [o.n.k.i.DiagnosticsManager] org.neo4j.kernel.info.DiagnosticsManager
2017-04-13 11:14:10.810+0000 INFO  [o.n.k.i.DiagnosticsManager] SYSTEM_MEMORY
2017-04-13 11:14:10.810+0000 INFO  [o.n.k.i.DiagnosticsManager] JAVA_MEMORY
2017-04-13 11:14:10.810+0000 INFO  [o.n.k.i.DiagnosticsManager] OPERATING_SYSTEM
2017-04-13 11:14:10.810+0000 INFO  [o.n.k.i.DiagnosticsManager] JAVA_VIRTUAL_MACHINE
2017-04-13 11:14:10.810+0000 INFO  [o.n.k.i.DiagnosticsManager] CLASSPATH
2017-04-13 11:14:10.810+0000 INFO  [o.n.k.i.DiagnosticsManager] LIBRARY_PATH
2017-04-13 11:14:10.810+0000 INFO  [o.n.k.i.DiagnosticsManager] SYSTEM_PROPERTIES
2017-04-13 11:14:10.810+0000 INFO  [o.n.k.i.DiagnosticsManager] NETWORK
2017-04-13 11:14:10.810+0000 INFO  [o.n.k.i.DiagnosticsManager] System memory information:
2017-04-13 11:14:10.848+0000 INFO  [o.n.k.i.DiagnosticsManager] Total Physical memory: 6.95 GB
2017-04-13 11:14:10.848+0000 INFO  [o.n.k.i.DiagnosticsManager] Free Physical memory: 3.56 GB
2017-04-13 11:14:10.848+0000 INFO  [o.n.k.i.DiagnosticsManager] Committed virtual memory: 341.52 MB
2017-04-13 11:14:10.848+0000 INFO  [o.n.k.i.DiagnosticsManager] Total swap space: 8.07 GB
2017-04-13 11:14:10.848+0000 INFO  [o.n.k.i.DiagnosticsManager] Free swap space: 3.19 GB
2017-04-13 11:14:10.848+0000 INFO  [o.n.k.i.DiagnosticsManager] JVM memory information:
2017-04-13 11:14:10.848+0000 INFO  [o.n.k.i.DiagnosticsManager] Free  memory: 94.65 MB
2017-04-13 11:14:10.848+0000 INFO  [o.n.k.i.DiagnosticsManager] Total memory: 131.50 MB
2017-04-13 11:14:10.848+0000 INFO  [o.n.k.i.DiagnosticsManager] Max   memory: 1.55 GB
2017-04-13 11:14:10.895+0000 INFO  [o.n.k.i.DiagnosticsManager] Garbage Collector: PS Scavenge: [PS Eden Space, PS Survivor Space]
2017-04-13 11:14:10.895+0000 INFO  [o.n.k.i.DiagnosticsManager] Garbage Collector: PS MarkSweep: [PS Eden Space, PS Survivor Space, PS Old Gen]
2017-04-13 11:14:10.895+0000 INFO  [o.n.k.i.DiagnosticsManager] Memory Pool: Code Cache (Non-heap memory): committed=9.19 MB, used=9.13 MB, max=240.00 MB, threshold=0.00 B
2017-04-13 11:14:10.895+0000 INFO  [o.n.k.i.DiagnosticsManager] Memory Pool: Metaspace (Non-heap memory): committed=23.63 MB, used=22.98 MB, max=-1.00 B, threshold=0.00 B
2017-04-13 11:14:10.895+0000 INFO  [o.n.k.i.DiagnosticsManager] Memory Pool: Compressed Class Space (Non-heap memory): committed=3.38 MB, used=3.17 MB, max=1.00 GB, threshold=0.00 B
2017-04-13 11:14:10.895+0000 INFO  [o.n.k.i.DiagnosticsManager] Memory Pool: PS Eden Space (Heap memory): committed=28.00 MB, used=7.52 MB, max=584.00 MB, threshold=?
2017-04-13 11:14:10.895+0000 INFO  [o.n.k.i.DiagnosticsManager] Memory Pool: PS Survivor Space (Heap memory): committed=4.50 MB, used=0.00 B, max=4.50 MB, threshold=?
2017-04-13 11:14:10.910+0000 INFO  [o.n.k.i.DiagnosticsManager] Memory Pool: PS Old Gen (Heap memory): committed=99.00 MB, used=29.33 MB, max=1.16 GB, threshold=0.00 B
2017-04-13 11:14:10.910+0000 INFO  [o.n.k.i.DiagnosticsManager] Operating system information:
2017-04-13 11:14:10.910+0000 INFO  [o.n.k.i.DiagnosticsManager] Operating System: Windows 10; version: 10.0; arch: amd64; cpus: 4
2017-04-13 11:14:10.910+0000 INFO  [o.n.k.i.DiagnosticsManager] Process id: 10560@DarboArkliukas
2017-04-13 11:14:10.910+0000 INFO  [o.n.k.i.DiagnosticsManager] Byte order: LITTLE_ENDIAN
2017-04-13 11:14:10.910+0000 INFO  [o.n.k.i.DiagnosticsManager] Local timezone: Europe/London
2017-04-13 11:14:10.910+0000 INFO  [o.n.k.i.DiagnosticsManager] JVM information:
2017-04-13 11:14:10.910+0000 INFO  [o.n.k.i.DiagnosticsManager] VM Name: Java HotSpot(TM) 64-Bit Server VM
2017-04-13 11:14:10.910+0000 INFO  [o.n.k.i.DiagnosticsManager] VM Vendor: Oracle Corporation
2017-04-13 11:14:10.910+0000 INFO  [o.n.k.i.DiagnosticsManager] VM Version: 25.121-b13
2017-04-13 11:14:10.910+0000 INFO  [o.n.k.i.DiagnosticsManager] JIT compiler: HotSpot 64-Bit Tiered Compilers
2017-04-13 11:14:10.926+0000 INFO  [o.n.k.i.DiagnosticsManager] VM Arguments: [-Dexe4j.semaphoreName=Local\c:_program_files_neo4j_ce_3.1.1_bin_neo4j-ce.exe, -Dexe4j.isInstall4j=true, -Dexe4j.moduleName=C:\Program Files\Neo4j CE 3.1.1\bin\neo4j-ce.exe, -Dexe4j.tempDir=, -Dexe4j.unextractedPosition=0, -Djava.library.path=C:\Python27\;C:\Python27\Scripts;C:\ProgramData\Oracle\Java\javapath;C:\WINDOWS\system32;C:\WINDOWS;C:\WINDOWS\System32\Wbem;C:\WINDOWS\System32\WindowsPowerShell\v1.0\;;C:\Program Files (x86)\Windows Live\Shared;C:\Program Files (x86)\ATI Technologies\ATI.ACE\Core-Static;C:\Program Files\Microsoft SQL Server\110\Tools\Binn\;C:\Program Files\Microsoft SQL Server\120\Tools\Binn\;C:\Program Files\nodejs\;C:\Program Files\Git\cmd;C:\Program Files\Java\jdk1.8.0_74;C:\Program Files\Java\jdk1.8.0_74\bin;C:\Users\Mindaugas\AppData\Local\Android\android-sdk\tools;C:\Users\Mindaugas\AppData\Local\Android\android-sdk\build-tools\23.0.3;C:\Program Files (x86)\Brackets\command;C:\Program Files\Microsoft SQL Server\130\Tools\Binn\;C:\Program Files (x86)\Windows Kits\10\Windows Performance Toolkit\;C:\Program Files\dotnet\;C:\Program Files (x86)\Microsoft Emulator Manager\1.0\;C:\Users\Mindaugas\Anaconda3;C:\Users\Mindaugas\Anaconda3\Scripts;C:\Users\Mindaugas\Anaconda3\Library\bin;C:\Users\Mindaugas\AppData\Roaming\npm;C:\Program Files (x86)\Microsoft VS Code\bin;C:\Users\Mindaugas\AppData\Local\Microsoft\WindowsApps;;c:\program files\java\jre1.8.0_121\bin, -Dexe4j.consoleCodepage=cp0, -Dinstall4j.launcherId=24, -Dinstall4j.swt=false]
2017-04-13 11:14:10.926+0000 INFO  [o.n.k.i.DiagnosticsManager] Java classpath:
2017-04-13 11:14:10.932+0000 INFO  [o.n.k.i.DiagnosticsManager]  [bootstrap] C:\Program Files\Java\jre1.8.0_121\lib\resources.jar
2017-04-13 11:14:10.932+0000 INFO  [o.n.k.i.DiagnosticsManager]  [loader.1] file:/C:/Program%20Files/Java/jre1.8.0_121/lib/ext/nashorn.jar
2017-04-13 11:14:10.932+0000 INFO  [o.n.k.i.DiagnosticsManager]  [loader.1] file:/C:/Program%20Files/Java/jre1.8.0_121/lib/ext/cldrdata.jar
2017-04-13 11:14:10.932+0000 INFO  [o.n.k.i.DiagnosticsManager]  [bootstrap] C:\Program Files\Java\jre1.8.0_121\lib\jce.jar
2017-04-13 11:14:10.932+0000 INFO  [o.n.k.i.DiagnosticsManager]  [loader.1] file:/C:/Program%20Files/Java/jre1.8.0_121/lib/ext/sunec.jar
2017-04-13 11:14:10.932+0000 INFO  [o.n.k.i.DiagnosticsManager]  [loader.1] file:/C:/Program%20Files/Java/jre1.8.0_121/lib/ext/sunpkcs11.jar
2017-04-13 11:14:10.932+0000 INFO  [o.n.k.i.DiagnosticsManager]  [bootstrap] C:\Program Files\Java\jre1.8.0_121\lib\sunrsasign.jar
2017-04-13 11:14:10.932+0000 INFO  [o.n.k.i.DiagnosticsManager]  [bootstrap] C:\Program Files\Java\jre1.8.0_121\classes
2017-04-13 11:14:10.932+0000 INFO  [o.n.k.i.DiagnosticsManager]  [loader.1] file:/C:/Program%20Files/Java/jre1.8.0_121/lib/ext/sunmscapi.jar
2017-04-13 11:14:10.948+0000 INFO  [o.n.k.i.DiagnosticsManager]  [loader.1] file:/C:/Program%20Files/Java/jre1.8.0_121/lib/ext/access-bridge-64.jar
2017-04-13 11:14:10.948+0000 INFO  [o.n.k.i.DiagnosticsManager]  [bootstrap] C:\Program Files\Java\jre1.8.0_121\lib\jsse.jar
2017-04-13 11:14:10.948+0000 INFO  [o.n.k.i.DiagnosticsManager]  [loader.0] file:/C:/Program%20Files/Neo4j%20CE%203.1.1/.install4j/i4jruntime.jar
2017-04-13 11:14:10.948+0000 INFO  [o.n.k.i.DiagnosticsManager]  [bootstrap] C:\Program Files\Java\jre1.8.0_121\lib\jfr.jar
2017-04-13 11:14:10.948+0000 INFO  [o.n.k.i.DiagnosticsManager]  [bootstrap] C:\Program Files\Java\jre1.8.0_121\lib\rt.jar
2017-04-13 11:14:10.948+0000 INFO  [o.n.k.i.DiagnosticsManager]  [loader.1] file:/C:/Program%20Files/Java/jre1.8.0_121/lib/ext/jfxrt.jar
2017-04-13 11:14:10.948+0000 INFO  [o.n.k.i.DiagnosticsManager]  [loader.1] file:/C:/Program%20Files/Java/jre1.8.0_121/lib/ext/zipfs.jar
2017-04-13 11:14:10.948+0000 INFO  [o.n.k.i.DiagnosticsManager]  [loader.0] file:/C:/Program%20Files/Neo4j%20CE%203.1.1/bin/neo4j-desktop-3.1.1.jar
2017-04-13 11:14:10.948+0000 INFO  [o.n.k.i.DiagnosticsManager]  [bootstrap] C:\Program Files\Java\jre1.8.0_121\lib\charsets.jar
2017-04-13 11:14:10.948+0000 INFO  [o.n.k.i.DiagnosticsManager]  [classpath] C:\Program Files\Neo4j CE 3.1.1\bin\neo4j-desktop-3.1.1.jar
2017-04-13 11:14:10.948+0000 INFO  [o.n.k.i.DiagnosticsManager]  [classpath] C:\Program Files\Neo4j CE 3.1.1\.install4j\i4jruntime.jar
2017-04-13 11:14:10.948+0000 INFO  [o.n.k.i.DiagnosticsManager]  [loader.1] file:/C:/Program%20Files/Java/jre1.8.0_121/lib/ext/dnsns.jar
2017-04-13 11:14:10.948+0000 INFO  [o.n.k.i.DiagnosticsManager]  [loader.1] file:/C:/Program%20Files/Java/jre1.8.0_121/lib/ext/localedata.jar
2017-04-13 11:14:10.948+0000 INFO  [o.n.k.i.DiagnosticsManager]  [loader.1] file:/C:/Program%20Files/Java/jre1.8.0_121/lib/ext/sunjce_provider.jar
2017-04-13 11:14:10.948+0000 INFO  [o.n.k.i.DiagnosticsManager]  [loader.1] file:/C:/Program%20Files/Java/jre1.8.0_121/lib/ext/jaccess.jar
2017-04-13 11:14:10.948+0000 INFO  [o.n.k.i.DiagnosticsManager] Library path:
2017-04-13 11:14:10.948+0000 INFO  [o.n.k.i.DiagnosticsManager] C:\Python27
2017-04-13 11:14:10.948+0000 INFO  [o.n.k.i.DiagnosticsManager] C:\Python27\Scripts
2017-04-13 11:14:10.948+0000 INFO  [o.n.k.i.DiagnosticsManager] C:\ProgramData\Oracle\Java\javapath
2017-04-13 11:14:10.948+0000 INFO  [o.n.k.i.DiagnosticsManager] C:\Windows\System32
2017-04-13 11:14:10.948+0000 INFO  [o.n.k.i.DiagnosticsManager] C:\Windows
2017-04-13 11:14:10.948+0000 INFO  [o.n.k.i.DiagnosticsManager] C:\Windows\System32\wbem
2017-04-13 11:14:10.948+0000 INFO  [o.n.k.i.DiagnosticsManager] C:\Windows\System32\WindowsPowerShell\v1.0
2017-04-13 11:14:10.948+0000 INFO  [o.n.k.i.DiagnosticsManager] C:\Program Files\Neo4j CE 3.1.1\bin
2017-04-13 11:14:10.948+0000 INFO  [o.n.k.i.DiagnosticsManager] C:\Program Files (x86)\Windows Live\Shared
2017-04-13 11:14:10.948+0000 INFO  [o.n.k.i.DiagnosticsManager] C:\Program Files (x86)\ATI Technologies\ATI.ACE\Core-Static
2017-04-13 11:14:10.964+0000 INFO  [o.n.k.i.DiagnosticsManager] C:\Program Files\Microsoft SQL Server\110\Tools\Binn
2017-04-13 11:14:10.964+0000 INFO  [o.n.k.i.DiagnosticsManager] C:\Program Files\Microsoft SQL Server\120\Tools\Binn
2017-04-13 11:14:10.964+0000 INFO  [o.n.k.i.DiagnosticsManager] C:\Program Files\nodejs
2017-04-13 11:14:10.964+0000 INFO  [o.n.k.i.DiagnosticsManager] C:\Program Files\Git\cmd
2017-04-13 11:14:10.964+0000 INFO  [o.n.k.i.DiagnosticsManager] C:\Program Files\Java\jdk1.8.0_74
2017-04-13 11:14:10.964+0000 INFO  [o.n.k.i.DiagnosticsManager] C:\Program Files\Java\jdk1.8.0_74\bin
2017-04-13 11:14:10.964+0000 INFO  [o.n.k.i.DiagnosticsManager] C:\Users\Mindaugas\AppData\Local\Android\android-sdk\tools
2017-04-13 11:14:10.964+0000 INFO  [o.n.k.i.DiagnosticsManager] C:\Users\Mindaugas\AppData\Local\Android\android-sdk\build-tools\23.0.3
2017-04-13 11:14:10.964+0000 INFO  [o.n.k.i.DiagnosticsManager] C:\Program Files (x86)\Brackets\command
2017-04-13 11:14:10.964+0000 INFO  [o.n.k.i.DiagnosticsManager] C:\Program Files\Microsoft SQL Server\130\Tools\Binn
2017-04-13 11:14:10.964+0000 INFO  [o.n.k.i.DiagnosticsManager] C:\Program Files (x86)\Windows Kits\10\Windows Performance Toolkit
2017-04-13 11:14:10.964+0000 INFO  [o.n.k.i.DiagnosticsManager] C:\Program Files\dotnet
2017-04-13 11:14:10.964+0000 INFO  [o.n.k.i.DiagnosticsManager] C:\Program Files (x86)\Microsoft Emulator Manager\1.0
2017-04-13 11:14:10.964+0000 INFO  [o.n.k.i.DiagnosticsManager] C:\Users\Mindaugas\Anaconda3
2017-04-13 11:14:10.964+0000 INFO  [o.n.k.i.DiagnosticsManager] C:\Users\Mindaugas\Anaconda3\Scripts
2017-04-13 11:14:10.979+0000 INFO  [o.n.k.i.DiagnosticsManager] C:\Users\Mindaugas\Anaconda3\Library\bin
2017-04-13 11:14:10.979+0000 INFO  [o.n.k.i.DiagnosticsManager] C:\Users\Mindaugas\AppData\Roaming\npm
2017-04-13 11:14:10.979+0000 INFO  [o.n.k.i.DiagnosticsManager] C:\Program Files (x86)\Microsoft VS Code\bin
2017-04-13 11:14:10.979+0000 INFO  [o.n.k.i.DiagnosticsManager] C:\Users\Mindaugas\AppData\Local\Microsoft\WindowsApps
2017-04-13 11:14:10.979+0000 INFO  [o.n.k.i.DiagnosticsManager] C:\Program Files\Neo4j CE 3.1.1\bin
2017-04-13 11:14:10.979+0000 INFO  [o.n.k.i.DiagnosticsManager] C:\Program Files\Java\jre1.8.0_121\bin
2017-04-13 11:14:10.979+0000 INFO  [o.n.k.i.DiagnosticsManager] System.properties:
2017-04-13 11:14:10.979+0000 INFO  [o.n.k.i.DiagnosticsManager] exe4j.moduleName = C:\Program Files\Neo4j CE 3.1.1\bin\neo4j-ce.exe
2017-04-13 11:14:10.979+0000 INFO  [o.n.k.i.DiagnosticsManager] exe4j.semaphoreName = Local\c:_program_files_neo4j_ce_3.1.1_bin_neo4j-ce.exe
2017-04-13 11:14:10.979+0000 INFO  [o.n.k.i.DiagnosticsManager] sun.boot.library.path = c:\program files\java\jre1.8.0_121\bin
2017-04-13 11:14:10.979+0000 INFO  [o.n.k.i.DiagnosticsManager] exe4j.consoleCodepage = cp0
2017-04-13 11:14:10.979+0000 INFO  [o.n.k.i.DiagnosticsManager] path.separator = ;
2017-04-13 11:14:10.979+0000 INFO  [o.n.k.i.DiagnosticsManager] file.encoding.pkg = sun.io
2017-04-13 11:14:10.979+0000 INFO  [o.n.k.i.DiagnosticsManager] user.country = IE
2017-04-13 11:14:10.979+0000 INFO  [o.n.k.i.DiagnosticsManager] user.script = 
2017-04-13 11:14:10.979+0000 INFO  [o.n.k.i.DiagnosticsManager] sun.os.patch.level = 
2017-04-13 11:14:10.979+0000 INFO  [o.n.k.i.DiagnosticsManager] install4j.exeDir = C:\Program Files\Neo4j CE 3.1.1\bin\
2017-04-13 11:14:10.979+0000 INFO  [o.n.k.i.DiagnosticsManager] user.dir = C:\Program Files\Neo4j CE 3.1.1\bin
2017-04-13 11:14:10.979+0000 INFO  [o.n.k.i.DiagnosticsManager] user.variant = 
2017-04-13 11:14:10.979+0000 INFO  [o.n.k.i.DiagnosticsManager] exe4j.tempDir = 
2017-04-13 11:14:10.979+0000 INFO  [o.n.k.i.DiagnosticsManager] sun.jnu.encoding = Cp1252
2017-04-13 11:14:10.979+0000 INFO  [o.n.k.i.DiagnosticsManager] unsupported.dbms.udc.source = desktop
2017-04-13 11:14:10.979+0000 INFO  [o.n.k.i.DiagnosticsManager] sun.awt.enableExtraMouseButtons = true
2017-04-13 11:14:10.979+0000 INFO  [o.n.k.i.DiagnosticsManager] install4j.launcherId = 24
2017-04-13 11:14:10.979+0000 INFO  [o.n.k.i.DiagnosticsManager] sun.management.compiler = HotSpot 64-Bit Tiered Compilers
2017-04-13 11:14:10.979+0000 INFO  [o.n.k.i.DiagnosticsManager] exe4j.isInstall4j = true
2017-04-13 11:14:10.979+0000 INFO  [o.n.k.i.DiagnosticsManager] install4j.swt = false
2017-04-13 11:14:10.979+0000 INFO  [o.n.k.i.DiagnosticsManager] user.home = C:\Users\Mindaugas
2017-04-13 11:14:10.979+0000 INFO  [o.n.k.i.DiagnosticsManager] user.timezone = Europe/London
2017-04-13 11:14:10.979+0000 INFO  [o.n.k.i.DiagnosticsManager] file.encoding = Cp1252
2017-04-13 11:14:10.979+0000 INFO  [o.n.k.i.DiagnosticsManager] user.name = Mindaugas
2017-04-13 11:14:10.979+0000 INFO  [o.n.k.i.DiagnosticsManager] sun.java.command = C:\Program Files\Neo4j CE 3.1.1\bin\neo4j-ce.exe
2017-04-13 11:14:10.979+0000 INFO  [o.n.k.i.DiagnosticsManager] sun.arch.data.model = 64
2017-04-13 11:14:10.979+0000 INFO  [o.n.k.i.DiagnosticsManager] exe4j.launchName = C:\Program Files\Neo4j CE 3.1.1\bin\neo4j-ce.exe
2017-04-13 11:14:10.979+0000 INFO  [o.n.k.i.DiagnosticsManager] user.language = en
2017-04-13 11:14:10.979+0000 INFO  [o.n.k.i.DiagnosticsManager] awt.toolkit = sun.awt.windows.WToolkit
2017-04-13 11:14:10.979+0000 INFO  [o.n.k.i.DiagnosticsManager] exe4j.unextractedPosition = 0
2017-04-13 11:14:10.979+0000 INFO  [o.n.k.i.DiagnosticsManager] install4j.appDir = C:\Program Files\Neo4j CE 3.1.1\
2017-04-13 11:14:10.979+0000 INFO  [o.n.k.i.DiagnosticsManager] file.separator = \
2017-04-13 11:14:10.979+0000 INFO  [o.n.k.i.DiagnosticsManager] sun.io.unicode.encoding = UnicodeLittle
2017-04-13 11:14:10.979+0000 INFO  [o.n.k.i.DiagnosticsManager] sun.cpu.endian = little
2017-04-13 11:14:10.979+0000 INFO  [o.n.k.i.DiagnosticsManager] sun.desktop = windows
2017-04-13 11:14:10.979+0000 INFO  [o.n.k.i.DiagnosticsManager] sun.cpu.isalist = amd64
2017-04-13 11:14:10.979+0000 INFO  [o.n.k.i.DiagnosticsManager] Network information:
2017-04-13 11:14:11.164+0000 INFO  [o.n.k.i.DiagnosticsManager] Interface Software Loopback Interface 1:
2017-04-13 11:14:11.164+0000 INFO  [o.n.k.i.DiagnosticsManager]     address: 127.0.0.1
2017-04-13 11:14:11.164+0000 INFO  [o.n.k.i.DiagnosticsManager]     address: 0:0:0:0:0:0:0:1
2017-04-13 11:14:11.164+0000 INFO  [o.n.k.i.DiagnosticsManager] Interface Microsoft ISATAP Adapter #3:
2017-04-13 11:14:11.164+0000 INFO  [o.n.k.i.DiagnosticsManager] Interface Microsoft Wi-Fi Direct Virtual Adapter #2:
2017-04-13 11:14:11.164+0000 INFO  [o.n.k.i.DiagnosticsManager]     address: fe80:0:0:0:24cf:3549:dbf3:c43d%wlan0
2017-04-13 11:14:11.164+0000 INFO  [o.n.k.i.DiagnosticsManager] Interface VMware Virtual Ethernet Adapter for VMnet8:
2017-04-13 11:14:11.164+0000 INFO  [o.n.k.i.DiagnosticsManager]     address: 192.168.133.1
2017-04-13 11:14:11.164+0000 INFO  [o.n.k.i.DiagnosticsManager]     address: fe80:0:0:0:f58d:258f:c257:8411%eth0
2017-04-13 11:14:11.164+0000 INFO  [o.n.k.i.DiagnosticsManager] Interface Microsoft ISATAP Adapter #6:
2017-04-13 11:14:11.164+0000 INFO  [o.n.k.i.DiagnosticsManager] Interface WAN Miniport (L2TP):
2017-04-13 11:14:11.164+0000 INFO  [o.n.k.i.DiagnosticsManager] Interface Microsoft ISATAP Adapter #5:
2017-04-13 11:14:11.164+0000 INFO  [o.n.k.i.DiagnosticsManager]     address: fe80:0:0:0:0:5efe:c0a8:109%net3
2017-04-13 11:14:11.164+0000 INFO  [o.n.k.i.DiagnosticsManager] Interface Hyper-V Virtual Switch Extension Adapter:
2017-04-13 11:14:11.164+0000 INFO  [o.n.k.i.DiagnosticsManager] Interface Microsoft ISATAP Adapter:
2017-04-13 11:14:11.164+0000 INFO  [o.n.k.i.DiagnosticsManager] Interface WAN Miniport (IP):
2017-04-13 11:14:11.164+0000 INFO  [o.n.k.i.DiagnosticsManager] Interface Microsoft Kernel Debug Network Adapter:
2017-04-13 11:14:11.164+0000 INFO  [o.n.k.i.DiagnosticsManager] Interface WAN Miniport (IPv6):
2017-04-13 11:14:11.164+0000 INFO  [o.n.k.i.DiagnosticsManager] Interface Teredo Tunneling Pseudo-Interface:
2017-04-13 11:14:11.164+0000 INFO  [o.n.k.i.DiagnosticsManager]     address: 2001:0:9d38:78cf:14b8:2fb1:92b0:b6c
2017-04-13 11:14:11.164+0000 INFO  [o.n.k.i.DiagnosticsManager]     address: fe80:0:0:0:14b8:2fb1:92b0:b6c%net5
2017-04-13 11:14:11.164+0000 INFO  [o.n.k.i.DiagnosticsManager] Interface WAN Miniport (PPTP):
2017-04-13 11:14:11.164+0000 INFO  [o.n.k.i.DiagnosticsManager] Interface Hyper-V Virtual Switch Extension Adapter #2:
2017-04-13 11:14:11.164+0000 INFO  [o.n.k.i.DiagnosticsManager] Interface WAN Miniport (Network Monitor):
2017-04-13 11:14:11.164+0000 INFO  [o.n.k.i.DiagnosticsManager] Interface Hyper-V Virtual Ethernet Adapter:
2017-04-13 11:14:11.164+0000 INFO  [o.n.k.i.DiagnosticsManager] Interface Hyper-V Virtual Ethernet Adapter #2:
2017-04-13 11:14:11.164+0000 INFO  [o.n.k.i.DiagnosticsManager] Interface Microsoft ISATAP Adapter #4:
2017-04-13 11:14:11.164+0000 INFO  [o.n.k.i.DiagnosticsManager]     address: fe80:0:0:0:0:5efe:c0a8:8501%net7
2017-04-13 11:14:11.164+0000 INFO  [o.n.k.i.DiagnosticsManager] Interface WAN Miniport (PPPOE):
2017-04-13 11:14:11.164+0000 INFO  [o.n.k.i.DiagnosticsManager] Interface VMware Virtual Ethernet Adapter for VMnet1:
2017-04-13 11:14:11.164+0000 INFO  [o.n.k.i.DiagnosticsManager]     address: 192.168.23.1
2017-04-13 11:14:11.164+0000 INFO  [o.n.k.i.DiagnosticsManager]     address: fe80:0:0:0:dd49:b7b9:fd16:a3d5%eth9
2017-04-13 11:14:11.164+0000 INFO  [o.n.k.i.DiagnosticsManager] Interface Microsoft Kernel Debug Network Adapter:
2017-04-13 11:14:11.164+0000 INFO  [o.n.k.i.DiagnosticsManager] Interface WAN Miniport (SSTP):
2017-04-13 11:14:11.164+0000 INFO  [o.n.k.i.DiagnosticsManager] Interface WAN Miniport (IKEv2):
2017-04-13 11:14:11.164+0000 INFO  [o.n.k.i.DiagnosticsManager] Interface Realtek PCIe FE Family Controller:
2017-04-13 11:14:11.164+0000 INFO  [o.n.k.i.DiagnosticsManager]     address: fe80:0:0:0:30b0:85fb:61a4:9fde%eth11
2017-04-13 11:14:11.164+0000 INFO  [o.n.k.i.DiagnosticsManager] Interface Realtek RTL8188EE 802.11 bgn Wi-Fi Adapter:
2017-04-13 11:14:11.164+0000 INFO  [o.n.k.i.DiagnosticsManager]     address: 192.168.1.9
2017-04-13 11:14:11.164+0000 INFO  [o.n.k.i.DiagnosticsManager]     address: fe80:0:0:0:fcaa:ecbe:fa7b:e9c3%wlan1
2017-04-13 11:14:11.164+0000 INFO  [o.n.k.i.DiagnosticsManager] Interface Microsoft ISATAP Adapter #2:
2017-04-13 11:14:11.164+0000 INFO  [o.n.k.i.DiagnosticsManager]     address: fe80:0:0:0:0:5efe:c0a8:1701%net10
2017-04-13 11:14:11.164+0000 INFO  [o.n.k.i.DiagnosticsManager] Interface Hyper-V Virtual Switch Extension Adapter-Hyper-V Virtual Switch Extension Filter-0000:
2017-04-13 11:14:11.164+0000 INFO  [o.n.k.i.DiagnosticsManager] Interface Hyper-V Virtual Switch Extension Adapter #2-Hyper-V Virtual Switch Extension Filter-0000:
2017-04-13 11:14:11.164+0000 INFO  [o.n.k.i.DiagnosticsManager] Interface Realtek PCIe FE Family Controller-WFP Native MAC Layer LightWeight Filter-0000:
2017-04-13 11:14:11.164+0000 INFO  [o.n.k.i.DiagnosticsManager] Interface Realtek PCIe FE Family Controller-QoS Packet Scheduler-0000:
2017-04-13 11:14:11.164+0000 INFO  [o.n.k.i.DiagnosticsManager] Interface Realtek PCIe FE Family Controller-WFP 802.3 MAC Layer LightWeight Filter-0000:
2017-04-13 11:14:11.164+0000 INFO  [o.n.k.i.DiagnosticsManager] Interface Realtek RTL8188EE 802.11 bgn Wi-Fi Adapter-WFP Native MAC Layer LightWeight Filter-0000:
2017-04-13 11:14:11.164+0000 INFO  [o.n.k.i.DiagnosticsManager] Interface Realtek RTL8188EE 802.11 bgn Wi-Fi Adapter-Virtual WiFi Filter Driver-0000:
2017-04-13 11:14:11.164+0000 INFO  [o.n.k.i.DiagnosticsManager] Interface Realtek RTL8188EE 802.11 bgn Wi-Fi Adapter-Native WiFi Filter Driver-0000:
2017-04-13 11:14:11.164+0000 INFO  [o.n.k.i.DiagnosticsManager] Interface Realtek RTL8188EE 802.11 bgn Wi-Fi Adapter-QoS Packet Scheduler-0000:
2017-04-13 11:14:11.164+0000 INFO  [o.n.k.i.DiagnosticsManager] Interface Realtek RTL8188EE 802.11 bgn Wi-Fi Adapter-WFP 802.3 MAC Layer LightWeight Filter-0000:
2017-04-13 11:14:11.164+0000 INFO  [o.n.k.i.DiagnosticsManager] Interface Microsoft Wi-Fi Direct Virtual Adapter #2-WFP Native MAC Layer LightWeight Filter-0000:
2017-04-13 11:14:11.164+0000 INFO  [o.n.k.i.DiagnosticsManager] Interface Microsoft Wi-Fi Direct Virtual Adapter #2-Native WiFi Filter Driver-0000:
2017-04-13 11:14:11.164+0000 INFO  [o.n.k.i.DiagnosticsManager] Interface Microsoft Wi-Fi Direct Virtual Adapter #2-QoS Packet Scheduler-0000:
2017-04-13 11:14:11.164+0000 INFO  [o.n.k.i.DiagnosticsManager] Interface Microsoft Wi-Fi Direct Virtual Adapter #2-WFP 802.3 MAC Layer LightWeight Filter-0000:
2017-04-13 11:14:11.164+0000 INFO  [o.n.k.i.DiagnosticsManager] --- INITIALIZED diagnostics END ---
2017-04-13 11:14:12.781+0000 INFO  [o.n.b.v.r.WorkerFactory] Bolt Server extension loaded.
2017-04-13 11:14:12.781+0000 INFO  [o.n.b.v.r.WorkerFactory] Bolt enabled on localhost:7687.
2017-04-13 11:14:13.334+0000 INFO  [o.n.k.i.s.f.RecordFormatSelector] Selected format 'RecordFormat:StandardV3_0[v0.A.7]' for the new store
2017-04-13 11:14:16.095+0000 INFO  [o.n.k.a.i.l.LuceneLabelScanStore] No lucene scan store index found, this might just be first use. Preparing to rebuild.
2017-04-13 11:14:16.581+0000 INFO  [o.n.k.NeoStoreDataSource] Opened logical log [C:\Users\Mindaugas\Documents\GMIT 2016-2017\Projects16-17\Graph theory project\GraphTh_Project\Neo4J\neostore.transaction.db.0] version=0, lastTxId=1 (clean)
2017-04-13 11:14:16.628+0000 WARN  [o.n.k.i.s.MetaDataStore] Missing counts store, rebuilding it.
2017-04-13 11:14:16.843+0000 INFO  [o.n.k.a.i.l.LuceneLabelScanStore] Rebuilding lucene scan store, this may take a while
2017-04-13 11:14:16.912+0000 INFO  [o.n.k.a.i.l.LuceneLabelScanStore] Lucene scan store rebuilt (roughly 0 nodes)
2017-04-13 11:14:16.912+0000 INFO  [o.n.k.i.DatabaseHealth] Database health set to OK
2017-04-13 11:14:19.907+0000 INFO  [o.n.k.AvailabilityGuard] Fulfilling of requirement makes database available: Database available
2017-04-13 11:14:19.907+0000 INFO  [o.n.k.i.f.GraphDatabaseFacadeFactory] Database is now ready
2017-04-13 11:14:19.907+0000 INFO  [o.n.k.i.DiagnosticsManager] --- STARTED diagnostics for KernelDiagnostics:Versions START ---
2017-04-13 11:14:19.907+0000 INFO  [o.n.k.i.DiagnosticsManager] Graph Database: community single StoreId{creationTime=1492082055526, randomId=3462660773708228022, storeVersion=15531981201765894, upgradeTime=1492082055526, upgradeId=1}
2017-04-13 11:14:19.907+0000 INFO  [o.n.k.i.DiagnosticsManager] Kernel version: 3.1.1
2017-04-13 11:14:19.907+0000 INFO  [o.n.k.i.DiagnosticsManager] --- STARTED diagnostics for KernelDiagnostics:Versions END ---
2017-04-13 11:14:19.907+0000 INFO  [o.n.k.i.DiagnosticsManager] --- STARTED diagnostics for NEO_STORE_VERSIONS START ---
2017-04-13 11:14:19.907+0000 INFO  [o.n.k.i.DiagnosticsManager] Store versions:
2017-04-13 11:14:19.907+0000 INFO  [o.n.k.i.DiagnosticsManager] Store versions:
2017-04-13 11:14:19.907+0000 INFO  [o.n.k.i.DiagnosticsManager]   ArrayPropertyStore v0.A.7
2017-04-13 11:14:19.907+0000 INFO  [o.n.k.i.DiagnosticsManager]   NodeStore v0.A.7
2017-04-13 11:14:19.907+0000 INFO  [o.n.k.i.DiagnosticsManager]   StringPropertyStore v0.A.7
2017-04-13 11:14:19.907+0000 INFO  [o.n.k.i.DiagnosticsManager]   PropertyIndexStore v0.A.7
2017-04-13 11:14:19.907+0000 INFO  [o.n.k.i.DiagnosticsManager]   StringPropertyStore v0.A.7
2017-04-13 11:14:19.923+0000 INFO  [o.n.k.i.DiagnosticsManager]   ArrayPropertyStore v0.A.7
2017-04-13 11:14:19.923+0000 INFO  [o.n.k.i.DiagnosticsManager]   PropertyStore v0.A.7
2017-04-13 11:14:19.923+0000 INFO  [o.n.k.i.DiagnosticsManager]   RelationshipStore v0.A.7
2017-04-13 11:14:19.923+0000 INFO  [o.n.k.i.DiagnosticsManager]   StringPropertyStore v0.A.7
2017-04-13 11:14:19.923+0000 INFO  [o.n.k.i.DiagnosticsManager]   RelationshipTypeStore v0.A.7
2017-04-13 11:14:19.923+0000 INFO  [o.n.k.i.DiagnosticsManager]   StringPropertyStore v0.A.7
2017-04-13 11:14:19.923+0000 INFO  [o.n.k.i.DiagnosticsManager]   LabelTokenStore v0.A.7
2017-04-13 11:14:19.923+0000 INFO  [o.n.k.i.DiagnosticsManager]   SchemaStore v0.A.7
2017-04-13 11:14:19.923+0000 INFO  [o.n.k.i.DiagnosticsManager]   RelationshipGroupStore v0.A.7
2017-04-13 11:14:19.923+0000 INFO  [o.n.k.i.DiagnosticsManager]   NeoStore v0.A.7
2017-04-13 11:14:19.923+0000 INFO  [o.n.k.i.DiagnosticsManager] --- STARTED diagnostics for NEO_STORE_VERSIONS END ---
2017-04-13 11:14:19.923+0000 INFO  [o.n.k.i.DiagnosticsManager] --- STARTED diagnostics for NEO_STORE_ID_USAGE START ---
2017-04-13 11:14:19.923+0000 INFO  [o.n.k.i.DiagnosticsManager] Id usage:
2017-04-13 11:14:19.923+0000 INFO  [o.n.k.i.DiagnosticsManager] Id usage:
2017-04-13 11:14:19.923+0000 INFO  [o.n.k.i.DiagnosticsManager]   ArrayPropertyStore: used=1 high=0
2017-04-13 11:14:19.923+0000 INFO  [o.n.k.i.DiagnosticsManager]   NodeStore: used=0 high=-1
2017-04-13 11:14:19.923+0000 INFO  [o.n.k.i.DiagnosticsManager]   StringPropertyStore: used=1 high=0
2017-04-13 11:14:19.923+0000 INFO  [o.n.k.i.DiagnosticsManager]   PropertyIndexStore: used=0 high=-1
2017-04-13 11:14:19.923+0000 INFO  [o.n.k.i.DiagnosticsManager]   StringPropertyStore: used=1 high=0
2017-04-13 11:14:19.923+0000 INFO  [o.n.k.i.DiagnosticsManager]   ArrayPropertyStore: used=1 high=0
2017-04-13 11:14:19.923+0000 INFO  [o.n.k.i.DiagnosticsManager]   PropertyStore: used=0 high=-1
2017-04-13 11:14:19.923+0000 INFO  [o.n.k.i.DiagnosticsManager]   RelationshipStore: used=0 high=-1
2017-04-13 11:14:19.939+0000 INFO  [o.n.k.i.DiagnosticsManager]   StringPropertyStore: used=1 high=0
2017-04-13 11:14:19.939+0000 INFO  [o.n.k.i.DiagnosticsManager]   RelationshipTypeStore: used=0 high=-1
2017-04-13 11:14:19.939+0000 INFO  [o.n.k.i.DiagnosticsManager]   StringPropertyStore: used=1 high=0
2017-04-13 11:14:19.939+0000 INFO  [o.n.k.i.DiagnosticsManager]   LabelTokenStore: used=0 high=-1
2017-04-13 11:14:19.939+0000 INFO  [o.n.k.i.DiagnosticsManager]   SchemaStore: used=1 high=0
2017-04-13 11:14:19.939+0000 INFO  [o.n.k.i.DiagnosticsManager]   RelationshipGroupStore: used=1 high=0
2017-04-13 11:14:19.939+0000 INFO  [o.n.k.i.DiagnosticsManager]   NeoStore: used=15 high=14
2017-04-13 11:14:19.939+0000 INFO  [o.n.k.i.DiagnosticsManager] --- STARTED diagnostics for NEO_STORE_ID_USAGE END ---
2017-04-13 11:14:19.939+0000 INFO  [o.n.k.i.DiagnosticsManager] --- STARTED diagnostics for NEO_STORE_RECORDS START ---
2017-04-13 11:14:19.939+0000 INFO  [o.n.k.i.DiagnosticsManager] Neostore records:
2017-04-13 11:14:19.939+0000 INFO  [o.n.k.i.DiagnosticsManager] TIME (Creation time): 1492082055526
2017-04-13 11:14:19.939+0000 INFO  [o.n.k.i.DiagnosticsManager] RANDOM_NUMBER (Random number for store id): 3462660773708228022
2017-04-13 11:14:19.954+0000 INFO  [o.n.k.i.DiagnosticsManager] LOG_VERSION (Current log version): 0
2017-04-13 11:14:19.954+0000 INFO  [o.n.k.i.DiagnosticsManager] LAST_TRANSACTION_ID (Last committed transaction): 1
2017-04-13 11:14:19.954+0000 INFO  [o.n.k.i.DiagnosticsManager] STORE_VERSION (Store format version): 15531981201765894
2017-04-13 11:14:19.954+0000 INFO  [o.n.k.i.DiagnosticsManager] FIRST_GRAPH_PROPERTY (First property record containing graph properties): -1
2017-04-13 11:14:19.954+0000 INFO  [o.n.k.i.DiagnosticsManager] LAST_CONSTRAINT_TRANSACTION (Last committed transaction containing constraint changes): 0
2017-04-13 11:14:19.954+0000 INFO  [o.n.k.i.DiagnosticsManager] UPGRADE_TRANSACTION_ID (Transaction id most recent upgrade was performed at): 1
2017-04-13 11:14:19.954+0000 INFO  [o.n.k.i.DiagnosticsManager] UPGRADE_TIME (Time of last upgrade): 1492082055526
2017-04-13 11:14:19.954+0000 INFO  [o.n.k.i.DiagnosticsManager] LAST_TRANSACTION_CHECKSUM (Checksum of last committed transaction): 0
2017-04-13 11:14:19.954+0000 INFO  [o.n.k.i.DiagnosticsManager] UPGRADE_TRANSACTION_CHECKSUM (Checksum of transaction id the most recent upgrade was performed at): 0
2017-04-13 11:14:19.954+0000 INFO  [o.n.k.i.DiagnosticsManager] LAST_CLOSED_TRANSACTION_LOG_VERSION (Log version where the last transaction commit entry has been written into): 0
2017-04-13 11:14:19.954+0000 INFO  [o.n.k.i.DiagnosticsManager] LAST_CLOSED_TRANSACTION_LOG_BYTE_OFFSET (Byte offset in the log file where the last transaction commit entry has been written into): 16
2017-04-13 11:14:19.954+0000 INFO  [o.n.k.i.DiagnosticsManager] LAST_TRANSACTION_COMMIT_TIMESTAMP (Commit time timestamp for last committed transaction): 0
2017-04-13 11:14:19.954+0000 INFO  [o.n.k.i.DiagnosticsManager] UPGRADE_TRANSACTION_COMMIT_TIMESTAMP (Commit timestamp of transaction the most recent upgrade was performed at): 0
2017-04-13 11:14:19.954+0000 INFO  [o.n.k.i.DiagnosticsManager] --- STARTED diagnostics for NEO_STORE_RECORDS END ---
2017-04-13 11:14:19.954+0000 INFO  [o.n.k.i.DiagnosticsManager] --- STARTED diagnostics for TRANSACTION_RANGE START ---
2017-04-13 11:14:19.954+0000 INFO  [o.n.k.i.DiagnosticsManager] Transaction log:
2017-04-13 11:14:19.973+0000 INFO  [o.n.k.i.DiagnosticsManager] No transactions found in any log
2017-04-13 11:14:19.974+0000 INFO  [o.n.k.i.DiagnosticsManager] --- STARTED diagnostics for TRANSACTION_RANGE END ---
2017-04-13 11:14:19.975+0000 INFO  [o.n.k.i.DiagnosticsManager] --- STARTED diagnostics for KernelDiagnostics:StoreFiles START ---
2017-04-13 11:14:19.977+0000 INFO  [o.n.k.i.DiagnosticsManager] Disk space on partition (Total / Free / Free %): 979978035200 / 407494643712 / 41
Storage files: (filename : modification date - size)
2017-04-13 11:14:19.977+0000 INFO  [o.n.k.i.DiagnosticsManager]   certificates:
2017-04-13 11:14:19.992+0000 INFO  [o.n.k.i.DiagnosticsManager]     neo4j.cert: 2017-04-13T12:14:09+0100 - 1002.00 B
2017-04-13 11:14:19.992+0000 INFO  [o.n.k.i.DiagnosticsManager]     neo4j.key: 2017-04-13T12:14:09+0100 - 1.69 kB
2017-04-13 11:14:19.992+0000 INFO  [o.n.k.i.DiagnosticsManager]   - Total: 2017-04-13T12:14:09+0100 - 2.67 kB
2017-04-13 11:14:19.992+0000 INFO  [o.n.k.i.DiagnosticsManager]   data:
2017-04-13 11:14:19.992+0000 INFO  [o.n.k.i.DiagnosticsManager]     dbms:
2017-04-13 11:14:19.992+0000 INFO  [o.n.k.i.DiagnosticsManager]       auth: 2017-04-13T12:14:19+0100 - 137.00 B
2017-04-13 11:14:19.992+0000 INFO  [o.n.k.i.DiagnosticsManager]     - Total: 2017-04-13T12:14:19+0100 - 137.00 B
2017-04-13 11:14:19.992+0000 INFO  [o.n.k.i.DiagnosticsManager]   - Total: 2017-04-13T12:14:19+0100 - 137.00 B
2017-04-13 11:14:19.992+0000 INFO  [o.n.k.i.DiagnosticsManager]   index:
2017-04-13 11:14:19.992+0000 INFO  [o.n.k.i.DiagnosticsManager]   - Total: 2017-04-13T12:14:16+0100 - 0.00 B
2017-04-13 11:14:19.992+0000 INFO  [o.n.k.i.DiagnosticsManager]   logs:
2017-04-13 11:14:20.008+0000 INFO  [o.n.k.i.DiagnosticsManager]     debug.log: 2017-04-13T12:14:19+0100 - 33.95 kB
2017-04-13 11:14:20.008+0000 INFO  [o.n.k.i.DiagnosticsManager]   - Total: 2017-04-13T12:14:09+0100 - 33.95 kB
2017-04-13 11:14:20.008+0000 INFO  [o.n.k.i.DiagnosticsManager]   neostore: 2017-04-13T12:14:15+0100 - 8.00 kB
2017-04-13 11:14:20.008+0000 INFO  [o.n.k.i.DiagnosticsManager]   neostore.counts.db.a: 2017-04-13T12:14:16+0100 - 96.00 B
2017-04-13 11:14:20.008+0000 INFO  [o.n.k.i.DiagnosticsManager]   neostore.id: 2017-04-13T12:14:15+0100 - 9.00 B
2017-04-13 11:14:20.008+0000 INFO  [o.n.k.i.DiagnosticsManager]   neostore.labeltokenstore.db: 2017-04-13T12:14:14+0100 - 0.00 B
2017-04-13 11:14:20.008+0000 INFO  [o.n.k.i.DiagnosticsManager]   neostore.labeltokenstore.db.id: 2017-04-13T12:14:15+0100 - 9.00 B
2017-04-13 11:14:20.008+0000 INFO  [o.n.k.i.DiagnosticsManager]   neostore.labeltokenstore.db.names: 2017-04-13T12:14:14+0100 - 8.00 kB
2017-04-13 11:14:20.008+0000 INFO  [o.n.k.i.DiagnosticsManager]   neostore.labeltokenstore.db.names.id: 2017-04-13T12:14:14+0100 - 9.00 B
2017-04-13 11:14:20.008+0000 INFO  [o.n.k.i.DiagnosticsManager]   neostore.nodestore.db: 2017-04-13T12:14:13+0100 - 0.00 B
2017-04-13 11:14:20.008+0000 INFO  [o.n.k.i.DiagnosticsManager]   neostore.nodestore.db.id: 2017-04-13T12:14:13+0100 - 9.00 B
2017-04-13 11:14:20.008+0000 INFO  [o.n.k.i.DiagnosticsManager]   neostore.nodestore.db.labels: 2017-04-13T12:14:13+0100 - 8.00 kB
2017-04-13 11:14:20.023+0000 INFO  [o.n.k.i.DiagnosticsManager]   neostore.nodestore.db.labels.id: 2017-04-13T12:14:13+0100 - 9.00 B
2017-04-13 11:14:20.023+0000 INFO  [o.n.k.i.DiagnosticsManager]   neostore.propertystore.db: 2017-04-13T12:14:14+0100 - 0.00 B
2017-04-13 11:14:20.023+0000 INFO  [o.n.k.i.DiagnosticsManager]   neostore.propertystore.db.arrays: 2017-04-13T12:14:14+0100 - 8.00 kB
2017-04-13 11:14:20.023+0000 INFO  [o.n.k.i.DiagnosticsManager]   neostore.propertystore.db.arrays.id: 2017-04-13T12:14:14+0100 - 9.00 B
2017-04-13 11:14:20.023+0000 INFO  [o.n.k.i.DiagnosticsManager]   neostore.propertystore.db.id: 2017-04-13T12:14:14+0100 - 9.00 B
2017-04-13 11:14:20.023+0000 INFO  [o.n.k.i.DiagnosticsManager]   neostore.propertystore.db.index: 2017-04-13T12:14:13+0100 - 0.00 B
2017-04-13 11:14:20.023+0000 INFO  [o.n.k.i.DiagnosticsManager]   neostore.propertystore.db.index.id: 2017-04-13T12:14:14+0100 - 9.00 B
2017-04-13 11:14:20.023+0000 INFO  [o.n.k.i.DiagnosticsManager]   neostore.propertystore.db.index.keys: 2017-04-13T12:14:13+0100 - 8.00 kB
2017-04-13 11:14:20.023+0000 INFO  [o.n.k.i.DiagnosticsManager]   neostore.propertystore.db.index.keys.id: 2017-04-13T12:14:13+0100 - 9.00 B
2017-04-13 11:14:20.023+0000 INFO  [o.n.k.i.DiagnosticsManager]   neostore.propertystore.db.strings: 2017-04-13T12:14:14+0100 - 8.00 kB
2017-04-13 11:14:20.023+0000 INFO  [o.n.k.i.DiagnosticsManager]   neostore.propertystore.db.strings.id: 2017-04-13T12:14:14+0100 - 9.00 B
2017-04-13 11:14:20.023+0000 INFO  [o.n.k.i.DiagnosticsManager]   neostore.relationshipgroupstore.db: 2017-04-13T12:14:15+0100 - 8.00 kB
2017-04-13 11:14:20.023+0000 INFO  [o.n.k.i.DiagnosticsManager]   neostore.relationshipgroupstore.db.id: 2017-04-13T12:14:15+0100 - 9.00 B
2017-04-13 11:14:20.039+0000 INFO  [o.n.k.i.DiagnosticsManager]   neostore.relationshipstore.db: 2017-04-13T12:14:14+0100 - 0.00 B
2017-04-13 11:14:20.039+0000 INFO  [o.n.k.i.DiagnosticsManager]   neostore.relationshipstore.db.id: 2017-04-13T12:14:14+0100 - 9.00 B
2017-04-13 11:14:20.039+0000 INFO  [o.n.k.i.DiagnosticsManager]   neostore.relationshiptypestore.db: 2017-04-13T12:14:14+0100 - 0.00 B
2017-04-13 11:14:20.039+0000 INFO  [o.n.k.i.DiagnosticsManager]   neostore.relationshiptypestore.db.id: 2017-04-13T12:14:14+0100 - 9.00 B
2017-04-13 11:14:20.039+0000 INFO  [o.n.k.i.DiagnosticsManager]   neostore.relationshiptypestore.db.names: 2017-04-13T12:14:14+0100 - 8.00 kB
2017-04-13 11:14:20.039+0000 INFO  [o.n.k.i.DiagnosticsManager]   neostore.relationshiptypestore.db.names.id: 2017-04-13T12:14:14+0100 - 9.00 B
2017-04-13 11:14:20.039+0000 INFO  [o.n.k.i.DiagnosticsManager]   neostore.schemastore.db: 2017-04-13T12:14:15+0100 - 8.00 kB
2017-04-13 11:14:20.039+0000 INFO  [o.n.k.i.DiagnosticsManager]   neostore.schemastore.db.id: 2017-04-13T12:14:15+0100 - 9.00 B
2017-04-13 11:14:20.039+0000 INFO  [o.n.k.i.DiagnosticsManager]   neostore.transaction.db.0: 2017-04-13T12:14:16+0100 - 16.00 B
2017-04-13 11:14:20.039+0000 INFO  [o.n.k.i.DiagnosticsManager]   schema:
2017-04-13 11:14:20.039+0000 INFO  [o.n.k.i.DiagnosticsManager]     label:
2017-04-13 11:14:20.039+0000 INFO  [o.n.k.i.DiagnosticsManager]       lucene:
2017-04-13 11:14:20.039+0000 INFO  [o.n.k.i.DiagnosticsManager]         labelStore:
2017-04-13 11:14:20.055+0000 INFO  [o.n.k.i.DiagnosticsManager]           1:
2017-04-13 11:14:20.055+0000 INFO  [o.n.k.i.DiagnosticsManager]             write.lock: 2017-04-13T12:14:16+0100 - 0.00 B
2017-04-13 11:14:20.055+0000 INFO  [o.n.k.i.DiagnosticsManager]           - Total: 2017-04-13T12:14:16+0100 - 0.00 B
2017-04-13 11:14:20.055+0000 INFO  [o.n.k.i.DiagnosticsManager]           failure-message: 2017-04-13T12:14:16+0100 - 16.00 kB
2017-04-13 11:14:20.055+0000 INFO  [o.n.k.i.DiagnosticsManager]         - Total: 2017-04-13T12:14:16+0100 - 16.00 kB
2017-04-13 11:14:20.055+0000 INFO  [o.n.k.i.DiagnosticsManager]       - Total: 2017-04-13T12:14:16+0100 - 16.00 kB
2017-04-13 11:14:20.055+0000 INFO  [o.n.k.i.DiagnosticsManager]     - Total: 2017-04-13T12:14:16+0100 - 16.00 kB
2017-04-13 11:14:20.055+0000 INFO  [o.n.k.i.DiagnosticsManager]   - Total: 2017-04-13T12:14:16+0100 - 16.00 kB
2017-04-13 11:14:20.055+0000 INFO  [o.n.k.i.DiagnosticsManager]   store_lock: 2017-04-13T12:14:13+0100 - 0.00 B
2017-04-13 11:14:20.055+0000 INFO  [o.n.k.i.DiagnosticsManager] --- STARTED diagnostics for KernelDiagnostics:StoreFiles END ---
2017-04-13 11:14:29.483+0000 INFO  [o.n.k.i.DiagnosticsManager] --- SERVER STARTED START ---
2017-04-13 11:14:36.488+0000 INFO  [o.n.k.i.DiagnosticsManager] --- SERVER STARTED END ---
2017-04-13 11:43:32.100+0000 WARN  [o.n.k.i.c.MonitorGc] GC Monitor: Application threads blocked for 581ms.
